# JRE version: Java(TM) SE Runtime Environment (8.0_211-b12) (build 1.8.0_211-b12)
# Java VM: Java HotSpot(TM) 64-Bit Server VM (25.211-b12 mixed mode windows-amd64 compressed oops)
Heap:
 PSYoungGen      total 265728K, used 192312K [0x00000000eab00000, 0x0000000100000000, 0x0000000100000000)
  eden space 191488K, 92% used [0x00000000eab00000,0x00000000f57adfe8,0x00000000f6600000)
  from space 74240K, 20% used [0x00000000f6600000,0x00000000f7520040,0x00000000fae80000)
  to   space 72704K, 0% used [0x00000000fb900000,0x00000000fb900000,0x0000000100000000)
 ParOldGen       total 241152K, used 102457K [0x00000000c0000000, 0x00000000ceb80000, 0x00000000eab00000)
  object space 241152K, 42% used [0x00000000c0000000,0x00000000c640e798,0x00000000ceb80000)
 Metaspace       used 70996K, capacity 76030K, committed 76056K, reserved 1114112K
  class space    used 9329K, capacity 10537K, committed 10544K, reserved 1048576K
GC Heap History (10 events):
Event: 8024.022 GC heap before
{Heap before GC invocations=31 (full 5):
 PSYoungGen      total 262656K, used 200144K [0x00000000eab00000, 0x0000000100000000, 0x0000000100000000)
  eden space 176128K, 100% used [0x00000000eab00000,0x00000000f5700000,0x00000000f5700000)
  from space 86528K, 27% used [0x00000000f5700000,0x00000000f6e74010,0x00000000fab80000)
  to   space 83456K, 0% used [0x00000000fae80000,0x00000000fae80000,0x0000000100000000)
 ParOldGen       total 197632K, used 102787K [0x00000000c0000000, 0x00000000cc100000, 0x00000000eab00000)
  object space 197632K, 52% used [0x00000000c0000000,0x00000000c6460cb0,0x00000000cc100000)
 Metaspace       used 70566K, capacity 75536K, committed 75800K, reserved 1114112K
  class space    used 9305K, capacity 10498K, committed 10544K, reserved 1048576K
Event: 8024.280 GC heap after
Heap after GC invocations=31 (full 5):
 PSYoungGen      total 252416K, used 25952K [0x00000000eab00000, 0x00000000ff600000, 0x0000000100000000)
  eden space 179200K, 0% used [0x00000000eab00000,0x00000000eab00000,0x00000000f5a00000)
  from space 73216K, 35% used [0x00000000fae80000,0x00000000fc7d8040,0x00000000ff600000)
  to   space 79872K, 0% used [0x00000000f5a00000,0x00000000f5a00000,0x00000000fa800000)
 ParOldGen       total 197632K, used 125850K [0x00000000c0000000, 0x00000000cc100000, 0x00000000eab00000)
  object space 197632K, 63% used [0x00000000c0000000,0x00000000c7ae68e0,0x00000000cc100000)
 Metaspace       used 70566K, capacity 75536K, committed 75800K, reserved 1114112K
  class space    used 9305K, capacity 10498K, committed 10544K, reserved 1048576K
}
Event: 8771.885 GC heap before
{Heap before GC invocations=32 (full 5):
 PSYoungGen      total 252416K, used 205152K [0x00000000eab00000, 0x00000000ff600000, 0x0000000100000000)
  eden space 179200K, 100% used [0x00000000eab00000,0x00000000f5a00000,0x00000000f5a00000)
  from space 73216K, 35% used [0x00000000fae80000,0x00000000fc7d8040,0x00000000ff600000)
  to   space 79872K, 0% used [0x00000000f5a00000,0x00000000f5a00000,0x00000000fa800000)
 ParOldGen       total 197632K, used 125850K [0x00000000c0000000, 0x00000000cc100000, 0x00000000eab00000)
  object space 197632K, 63% used [0x00000000c0000000,0x00000000c7ae68e0,0x00000000cc100000)
 Metaspace       used 70724K, capacity 75604K, committed 75800K, reserved 1114112K
  class space    used 9306K, capacity 10498K, committed 10544K, reserved 1048576K
Event: 8773.121 GC heap after
Heap after GC invocations=32 (full 5):
 PSYoungGen      total 259072K, used 15888K [0x00000000eab00000, 0x0000000100000000, 0x0000000100000000)
  eden space 179200K, 0% used [0x00000000eab00000,0x00000000eab00000,0x00000000f5a00000)
  from space 79872K, 19% used [0x00000000f5a00000,0x00000000f6984030,0x00000000fa800000)
  to   space 77824K, 0% used [0x00000000fb400000,0x00000000fb400000,0x0000000100000000)
 ParOldGen       total 197632K, used 147473K [0x00000000c0000000, 0x00000000cc100000, 0x00000000eab00000)
  object space 197632K, 74% used [0x00000000c0000000,0x00000000c90047e0,0x00000000cc100000)
 Metaspace       used 70724K, capacity 75604K, committed 75800K, reserved 1114112K
  class space    used 9306K, capacity 10498K, committed 10544K, reserved 1048576K
}
Event: 8776.901 GC heap before
{Heap before GC invocations=33 (full 5):
 PSYoungGen      total 259072K, used 195088K [0x00000000eab00000, 0x0000000100000000, 0x0000000100000000)
  eden space 179200K, 100% used [0x00000000eab00000,0x00000000f5a00000,0x00000000f5a00000)
  from space 79872K, 19% used [0x00000000f5a00000,0x00000000f6984030,0x00000000fa800000)
  to   space 77824K, 0% used [0x00000000fb400000,0x00000000fb400000,0x0000000100000000)
 ParOldGen       total 197632K, used 147473K [0x00000000c0000000, 0x00000000cc100000, 0x00000000eab00000)
  object space 197632K, 74% used [0x00000000c0000000,0x00000000c90047e0,0x00000000cc100000)
 Metaspace       used 70802K, capacity 75732K, committed 75800K, reserved 1114112K
  class space    used 9306K, capacity 10498K, committed 10544K, reserved 1048576K
Event: 8777.350 GC heap after
Heap after GC invocations=33 (full 5):
 PSYoungGen      total 260096K, used 33744K [0x00000000eab00000, 0x00000000ff700000, 0x0000000100000000)
  eden space 191488K, 0% used [0x00000000eab00000,0x00000000eab00000,0x00000000f6600000)
  from space 68608K, 49% used [0x00000000fb400000,0x00000000fd4f4030,0x00000000ff700000)
  to   space 74240K, 0% used [0x00000000f6600000,0x00000000f6600000,0x00000000fae80000)
 ParOldGen       total 197632K, used 163049K [0x00000000c0000000, 0x00000000cc100000, 0x00000000eab00000)
  object space 197632K, 82% used [0x00000000c0000000,0x00000000c9f3a468,0x00000000cc100000)
 Metaspace       used 70802K, capacity 75732K, committed 75800K, reserved 1114112K
  class space    used 9306K, capacity 10498K, committed 10544K, reserved 1048576K
}
Event: 8777.350 GC heap before
{Heap before GC invocations=34 (full 6):
 PSYoungGen      total 260096K, used 33744K [0x00000000eab00000, 0x00000000ff700000, 0x0000000100000000)
  eden space 191488K, 0% used [0x00000000eab00000,0x00000000eab00000,0x00000000f6600000)
  from space 68608K, 49% used [0x00000000fb400000,0x00000000fd4f4030,0x00000000ff700000)
  to   space 74240K, 0% used [0x00000000f6600000,0x00000000f6600000,0x00000000fae80000)
 ParOldGen       total 197632K, used 163049K [0x00000000c0000000, 0x00000000cc100000, 0x00000000eab00000)
  object space 197632K, 82% used [0x00000000c0000000,0x00000000c9f3a468,0x00000000cc100000)
 Metaspace       used 70802K, capacity 75732K, committed 75800K, reserved 1114112K
  class space    used 9306K, capacity 10498K, committed 10544K, reserved 1048576K
Event: 8779.032 GC heap after
Heap after GC invocations=34 (full 6):
 PSYoungGen      total 260096K, used 0K [0x00000000eab00000, 0x00000000ff700000, 0x0000000100000000)
  eden space 191488K, 0% used [0x00000000eab00000,0x00000000eab00000,0x00000000f6600000)
  from space 68608K, 0% used [0x00000000fb400000,0x00000000fb400000,0x00000000ff700000)
  to   space 74240K, 0% used [0x00000000f6600000,0x00000000f6600000,0x00000000fae80000)
 ParOldGen       total 241152K, used 102457K [0x00000000c0000000, 0x00000000ceb80000, 0x00000000eab00000)
  object space 241152K, 42% used [0x00000000c0000000,0x00000000c640e798,0x00000000ceb80000)
 Metaspace       used 70787K, capacity 75708K, committed 75800K, reserved 1114112K
  class space    used 9303K, capacity 10494K, committed 10544K, reserved 1048576K
}
Event: 8916.476 GC heap before
{Heap before GC invocations=35 (full 6):
 PSYoungGen      total 260096K, used 191488K [0x00000000eab00000, 0x00000000ff700000, 0x0000000100000000)
  eden space 191488K, 100% used [0x00000000eab00000,0x00000000f6600000,0x00000000f6600000)
  from space 68608K, 0% used [0x00000000fb400000,0x00000000fb400000,0x00000000ff700000)
  to   space 74240K, 0% used [0x00000000f6600000,0x00000000f6600000,0x00000000fae80000)
 ParOldGen       total 241152K, used 102457K [0x00000000c0000000, 0x00000000ceb80000, 0x00000000eab00000)
  object space 241152K, 42% used [0x00000000c0000000,0x00000000c640e798,0x00000000ceb80000)
 Metaspace       used 70967K, capacity 76018K, committed 76056K, reserved 1114112K
  class space    used 9328K, capacity 10535K, committed 10544K, reserved 1048576K
Event: 8916.632 GC heap after
Heap after GC invocations=35 (full 6):
 PSYoungGen      total 265728K, used 15488K [0x00000000eab00000, 0x0000000100000000, 0x0000000100000000)
  eden space 191488K, 0% used [0x00000000eab00000,0x00000000eab00000,0x00000000f6600000)
  from space 74240K, 20% used [0x00000000f6600000,0x00000000f7520040,0x00000000fae80000)
  to   space 72704K, 0% used [0x00000000fb900000,0x00000000fb900000,0x0000000100000000)
 ParOldGen       total 241152K, used 102457K [0x00000000c0000000, 0x00000000ceb80000, 0x00000000eab00000)
  object space 241152K, 42% used [0x00000000c0000000,0x00000000c640e798,0x00000000ceb80000)
 Metaspace       used 70967K, capacity 76018K, committed 76056K, reserved 1114112K
  class space    used 9328K, capacity 10535K, committed 10544K, reserved 1048576K
}

